*****************************************************************
      SolidWorks Corporation - Compte-rendu d'état du Processeur IGES
*****************************************************************
=================================================================
Informations générales
=================================================================
Envoi de l'identification du produit système en cours  : Corps.SLDPRT
Réception de l'identification du produit système en cours: Corps.SLDPRT
Nom de fichier                    : F:\Travail\POLYTECH\Robotique\TP01\dossier étudiant\Corps.IGS
Envoi du système en cours               : SolidWorks 2013
Version du préprocesseur         : SolidWorks 2013
Date de création du fichier           : 140702.121521
Date de création du modèle          : 140702.121521
Unités                        : MM
Echelle de l'espace modèle            : 1
Auteur                       : Lilian
Organisation                 : 


=================================================================
Informations sur le traitement des entités
=================================================================


=================================================================
Analyse de précision d'un fichier IGES:
=================================================================
  Nombre le plus répandu de chiffres significatifs:              11
  Nombre le plus grand de chiffres significatifs:                     12
  Nombre moyen de chiffres significatifs :                6.93766
  Distance maximale jusqu'à l'origine:                          1751.34
  Distance minimale jusqu'à l'origine:                                0
  Nombre effectif de chiffres significatifs:                   12


=================================================================
Récapitulatif des entités
=================================================================
-----------------------------------------------------------------
Nom de type                                         Nombre converti
---- ----                                         ----- ---------
100  Arc                                            167       167
110  Line                                           457       457
116  Point                                           61        61
120  Surface of revolution                          112       112
123  Direction                                      122       122
124  Transformation matrix                          102       102
126  Rational B-spline curve                         22        22
186  Manifold Solid B-rep Object                      1         1
190  Plane surface entity                            61        61
314  Color definition                                 1         1
502  Vertex list                                      1         1
504  Edge entity                                      1         1
508  Loop entity                                    216       216
510  Face entity                                    173       173
514  Shell entity                                     1         1
_________________________________________________________________


=================================================================
Récapitulatif des résultats
=================================================================
Type de fonction SolidWorks                Nombre
-----------------------                -----
Fonction(s) volumique(s)                       1
Fonction(s) surfacique(s)                     0
Fonction(s) de courbe/d'esquisse                0
--------------------------------------------
Heure de début: mercredi, juillet 02, 2014 12:16:21
Heure de fin: mercredi, juillet 02, 2014 12:16:23
Durée de traitement: 0 days, 00 hours, 00 mins, 02 secs
